<?xml version="1.0" encoding="UTF-8"?>
<!-- Generated by org.testng.reporters.JUnitXMLReporter -->
<testsuite ignored="0" hostname="MTPMX230" failures="0" tests="4" name="Default test" time="50.233" errors="0" timestamp="09 ago. 2022 15:10:52 GMT">
  <testcase classname="com.demo.Project" name="testCantidadCampos" time="0.073"/>
  <testcase classname="com.demo.Project" name="testDropdown" time="11.285"/>
  <testcase classname="com.demo.Project" name="testFlight" time="4.823"/>
  <testcase classname="com.demo.Project" name="testLogin" time="6.621"/>
</testsuite> <!-- Default test -->
