<?xml version="1.0" encoding="UTF-8"?>
<!-- Generated by org.testng.reporters.JUnitXMLReporter -->
<testsuite ignored="0" hostname="MTPMX230" failures="0" tests="5" name="Default test" time="62.203" errors="0" timestamp="09 ago. 2022 17:42:43 GMT">
  <testcase classname="com.demo.Project" name="testDropdown" time="10.632"/>
  <testcase classname="com.demo.Project" name="testFlight" time="4.314"/>
  <testcase classname="com.demo.Project" name="testLogin" time="7.969"/>
  <testcase classname="com.demo.Project" name="testTitleInUserField" time="0.088"/>
  <testcase classname="com.demo.Project" name="testTotalFields" time="0.031"/>
</testsuite> <!-- Default test -->
