<?xml version="1.0" encoding="UTF-8"?>
<testng-results ignored="1" total="2" passed="1" failed="0" skipped="0">
  <reporter-output>
  </reporter-output>
  <suite started-at="2022-08-09T21:47:43Z" name="Default suite" finished-at="2022-08-09T21:47:56Z" duration-ms="13964">
    <groups>
    </groups>
    <test started-at="2022-08-09T21:47:43Z" name="Default test" finished-at="2022-08-09T21:47:56Z" duration-ms="13964">
      <class name="com.demo.Login">
        <test-method is-config="true" signature="beforeMethod()[pri:0, instance:com.demo.Login@5965be2d]" started-at="2022-08-09T21:47:43Z" name="beforeMethod" finished-at="2022-08-09T21:47:49Z" duration-ms="6498" status="PASS">
          <reporter-output>
          </reporter-output>
        </test-method> <!-- beforeMethod -->
        <test-method signature="testLogin()[pri:0, instance:com.demo.Login@5965be2d]" started-at="2022-08-09T21:47:49Z" name="testLogin" description="Login test by SIGN-ON" finished-at="2022-08-09T21:47:56Z" duration-ms="7195" status="PASS">
          <reporter-output>
          </reporter-output>
        </test-method> <!-- testLogin -->
        <test-method is-config="true" signature="afterMethod(org.testng.ITestResult)[pri:0, instance:com.demo.Login@5965be2d]" started-at="2022-08-09T21:47:56Z" name="afterMethod" finished-at="2022-08-09T21:47:56Z" duration-ms="251" status="PASS">
          <params>
            <param index="0">
              <value>
                <![CDATA[[TestResult name=testLogin status=SUCCESS method=Login.testLogin()[pri:0, instance:com.demo.Login@5965be2d] output={null}]]]>
              </value>
            </param>
          </params>
          <reporter-output>
          </reporter-output>
        </test-method> <!-- afterMethod -->
      </class> <!-- com.demo.Login -->
    </test> <!-- Default test -->
  </suite> <!-- Default suite -->
</testng-results>
